# Logfile created on 2019-06-18 18:41:40 +0200 by logger.rb/66358
  INFO ---------------------------------------------------------------------------
  INFO START 2019-06-18 18:41:40 +0200 cap staging deploy
  INFO ---------------------------------------------------------------------------
  INFO [d35fd661] Running /usr/bin/env mkdir -p /tmp as jminguely@ssh-jminguely.alwaysdata.net
  INFO [b4bf2d56] Finished in 2.894 seconds with exit status 0 (successful).
  INFO Uploading /tmp/git-ssh-hschumacher.minguely.ch-staging-mingus.sh 100.0%
  INFO [8b143b9f] Running /usr/bin/env chmod 700 /tmp/git-ssh-hschumacher.minguely.ch-staging-mingus.sh as jminguely@ssh-jminguely.alwaysdata.net
  INFO [228456c5] Finished in 0.123 seconds with exit status 0 (successful).
  INFO [b8a2d0ed] Running /usr/bin/env git ls-remote git@github.com:jminguely/hschumacher.git HEAD as jminguely@ssh-jminguely.alwaysdata.net
  INFO [da65e588] Finished in 1.515 seconds with exit status 0 (successful).
  INFO [26020d54] Running /usr/bin/env mkdir -p /home/jminguely/www/hschumacher.minguely.ch/shared /home/jminguely/www/hschumacher.minguely.ch/releases as jminguely@ssh-jminguely.alwaysdata.net
  INFO [be1f563f] Finished in 0.301 seconds with exit status 0 (successful).
  INFO [24800d92] Running /usr/bin/env mkdir -p /home/jminguely/www/hschumacher.minguely.ch/shared/htdocs/content/uploads /home/jminguely/www/hschumacher.minguely.ch/shared/storage/framework/sessions as jminguely@ssh-jminguely.alwaysdata.net
  INFO [c565f472] Finished in 0.205 seconds with exit status 0 (successful).
  INFO [40b6371d] Running /usr/bin/env mkdir -p /home/jminguely/www/hschumacher.minguely.ch/shared /home/jminguely/www/hschumacher.minguely.ch/shared/htdocs as jminguely@ssh-jminguely.alwaysdata.net
  INFO [952f2f7a] Finished in 0.177 seconds with exit status 0 (successful).
 ERROR linked file /home/jminguely/www/hschumacher.minguely.ch/shared/.env does not exist on ssh-jminguely.alwaysdata.net
  INFO ---------------------------------------------------------------------------
  INFO START 2019-06-18 18:41:59 +0200 cap staging deploy
  INFO ---------------------------------------------------------------------------
  INFO [031801e3] Running /usr/bin/env mkdir -p /tmp as jminguely@ssh-jminguely.alwaysdata.net
  INFO [68b63d9f] Finished in 0.960 seconds with exit status 0 (successful).
  INFO Uploading /tmp/git-ssh-hschumacher.minguely.ch-staging-mingus.sh 100.0%
  INFO [13914721] Running /usr/bin/env chmod 700 /tmp/git-ssh-hschumacher.minguely.ch-staging-mingus.sh as jminguely@ssh-jminguely.alwaysdata.net
  INFO [ed34089f] Finished in 0.186 seconds with exit status 0 (successful).
  INFO [c39b148b] Running /usr/bin/env git ls-remote git@github.com:jminguely/hschumacher.git HEAD as jminguely@ssh-jminguely.alwaysdata.net
  INFO [0c7751a1] Finished in 6.589 seconds with exit status 0 (successful).
  INFO [2da81eab] Running /usr/bin/env mkdir -p /home/jminguely/www/hschumacher.minguely.ch/shared /home/jminguely/www/hschumacher.minguely.ch/releases as jminguely@ssh-jminguely.alwaysdata.net
  INFO [fbeaafb7] Finished in 0.479 seconds with exit status 0 (successful).
  INFO [185a78ae] Running /usr/bin/env mkdir -p /home/jminguely/www/hschumacher.minguely.ch/shared/htdocs/content/uploads /home/jminguely/www/hschumacher.minguely.ch/shared/storage/framework/sessions as jminguely@ssh-jminguely.alwaysdata.net
  INFO [3cede7d9] Finished in 0.392 seconds with exit status 0 (successful).
  INFO [b84c54f5] Running /usr/bin/env mkdir -p /home/jminguely/www/hschumacher.minguely.ch/shared /home/jminguely/www/hschumacher.minguely.ch/shared/htdocs as jminguely@ssh-jminguely.alwaysdata.net
  INFO [59b45b90] Finished in 0.367 seconds with exit status 0 (successful).
 ERROR linked file /home/jminguely/www/hschumacher.minguely.ch/shared/.env does not exist on ssh-jminguely.alwaysdata.net
  INFO ---------------------------------------------------------------------------
  INFO START 2019-06-18 18:44:32 +0200 cap staging deploy
  INFO ---------------------------------------------------------------------------
  INFO [3f6563fb] Running /usr/bin/env mkdir -p /tmp as jminguely@ssh-jminguely.alwaysdata.net
  INFO [6dbb9e2a] Finished in 0.863 seconds with exit status 0 (successful).
  INFO Uploading /tmp/git-ssh-hschumacher.minguely.ch-staging-mingus.sh 100.0%
  INFO [751494b0] Running /usr/bin/env chmod 700 /tmp/git-ssh-hschumacher.minguely.ch-staging-mingus.sh as jminguely@ssh-jminguely.alwaysdata.net
  INFO [f133c76c] Finished in 0.213 seconds with exit status 0 (successful).
  INFO [e62ffe24] Running /usr/bin/env git ls-remote git@github.com:jminguely/hschumacher.git HEAD as jminguely@ssh-jminguely.alwaysdata.net
  INFO [51020a35] Finished in 1.564 seconds with exit status 0 (successful).
  INFO [e6702d2d] Running /usr/bin/env mkdir -p /home/jminguely/www/hschumacher.minguely.ch/shared /home/jminguely/www/hschumacher.minguely.ch/releases as jminguely@ssh-jminguely.alwaysdata.net
  INFO [c638cef7] Finished in 0.257 seconds with exit status 0 (successful).
  INFO [a0f56bdd] Running /usr/bin/env mkdir -p /home/jminguely/www/hschumacher.minguely.ch/shared/htdocs/content/uploads /home/jminguely/www/hschumacher.minguely.ch/shared/storage/framework/sessions as jminguely@ssh-jminguely.alwaysdata.net
  INFO [966496d9] Finished in 0.180 seconds with exit status 0 (successful).
  INFO [80e785fd] Running /usr/bin/env mkdir -p /home/jminguely/www/hschumacher.minguely.ch/shared /home/jminguely/www/hschumacher.minguely.ch/shared/htdocs as jminguely@ssh-jminguely.alwaysdata.net
  INFO [907404f1] Finished in 0.182 seconds with exit status 0 (successful).
 ERROR linked file /home/jminguely/www/hschumacher.minguely.ch/shared/htdocs/.htaccess does not exist on ssh-jminguely.alwaysdata.net
  INFO ---------------------------------------------------------------------------
  INFO START 2019-06-18 18:44:56 +0200 cap staging deploy
  INFO ---------------------------------------------------------------------------
  INFO [95f2242c] Running /usr/bin/env mkdir -p /tmp as jminguely@ssh-jminguely.alwaysdata.net
  INFO [3eadf086] Finished in 0.611 seconds with exit status 0 (successful).
  INFO Uploading /tmp/git-ssh-hschumacher.minguely.ch-staging-mingus.sh 100.0%
  INFO [a1c93d1c] Running /usr/bin/env chmod 700 /tmp/git-ssh-hschumacher.minguely.ch-staging-mingus.sh as jminguely@ssh-jminguely.alwaysdata.net
  INFO [caf7afad] Finished in 0.177 seconds with exit status 0 (successful).
  INFO [dd49292a] Running /usr/bin/env git ls-remote git@github.com:jminguely/hschumacher.git HEAD as jminguely@ssh-jminguely.alwaysdata.net
  INFO [082e4f3e] Finished in 1.595 seconds with exit status 0 (successful).
  INFO [d69799d8] Running /usr/bin/env mkdir -p /home/jminguely/www/hschumacher.minguely.ch/shared /home/jminguely/www/hschumacher.minguely.ch/releases as jminguely@ssh-jminguely.alwaysdata.net
  INFO [7019d998] Finished in 0.220 seconds with exit status 0 (successful).
  INFO [1d4ffab7] Running /usr/bin/env mkdir -p /home/jminguely/www/hschumacher.minguely.ch/shared/htdocs/content/uploads /home/jminguely/www/hschumacher.minguely.ch/shared/storage/framework/sessions as jminguely@ssh-jminguely.alwaysdata.net
  INFO [05f0627e] Finished in 0.199 seconds with exit status 0 (successful).
  INFO [53dd355c] Running /usr/bin/env mkdir -p /home/jminguely/www/hschumacher.minguely.ch/shared /home/jminguely/www/hschumacher.minguely.ch/shared/htdocs as jminguely@ssh-jminguely.alwaysdata.net
  INFO [8b1e9580] Finished in 0.189 seconds with exit status 0 (successful).
  INFO [0284d7e8] Running /usr/bin/env git clone --mirror git@github.com:jminguely/hschumacher.git /home/jminguely/www/hschumacher.minguely.ch/repo as jminguely@ssh-jminguely.alwaysdata.net
  INFO [88a2f227] Finished in 7.544 seconds with exit status 0 (successful).
  INFO [f83a5904] Running /usr/bin/env git remote set-url origin git@github.com:jminguely/hschumacher.git as jminguely@ssh-jminguely.alwaysdata.net
  INFO [5d5b1f81] Finished in 1.964 seconds with exit status 0 (successful).
  INFO [d5bf0600] Running /usr/bin/env git remote update --prune as jminguely@ssh-jminguely.alwaysdata.net
  INFO [70e6ac8d] Finished in 10.800 seconds with exit status 0 (successful).
  INFO [987dc7bc] Running /usr/bin/env mkdir -p /home/jminguely/www/hschumacher.minguely.ch/releases/20190618164500 as jminguely@ssh-jminguely.alwaysdata.net
  INFO [7cd10d8c] Finished in 0.172 seconds with exit status 0 (successful).
  INFO [7235c3b5] Running /usr/bin/env git archive dev | /usr/bin/env tar -x -f - -C /home/jminguely/www/hschumacher.minguely.ch/releases/20190618164500 as jminguely@ssh-jminguely.alwaysdata.net
  INFO [6782421d] Finished in 0.372 seconds with exit status 0 (successful).
  INFO [232bfbf3] Running /usr/bin/env echo "becd11dcd66948e2fe93e71df9072adc31ee292f" > REVISION as jminguely@ssh-jminguely.alwaysdata.net
  INFO [4de5e839] Finished in 0.266 seconds with exit status 0 (successful).
  INFO [4d73417e] Running /usr/bin/env mkdir -p /home/jminguely/www/hschumacher.minguely.ch/releases/20190618164500 /home/jminguely/www/hschumacher.minguely.ch/releases/20190618164500/htdocs as jminguely@ssh-jminguely.alwaysdata.net
  INFO [1ae89cc4] Finished in 0.365 seconds with exit status 0 (successful).
  INFO [0512ae2e] Running /usr/bin/env ln -s /home/jminguely/www/hschumacher.minguely.ch/shared/.env /home/jminguely/www/hschumacher.minguely.ch/releases/20190618164500/.env as jminguely@ssh-jminguely.alwaysdata.net
  INFO [eafba91a] Finished in 0.200 seconds with exit status 0 (successful).
  INFO [428bf808] Running /usr/bin/env ln -s /home/jminguely/www/hschumacher.minguely.ch/shared/htdocs/.htaccess /home/jminguely/www/hschumacher.minguely.ch/releases/20190618164500/htdocs/.htaccess as jminguely@ssh-jminguely.alwaysdata.net
  INFO [6c9d3d3d] Finished in 0.224 seconds with exit status 0 (successful).
  INFO [93e3b832] Running /usr/bin/env mkdir -p /home/jminguely/www/hschumacher.minguely.ch/releases/20190618164500/htdocs/content /home/jminguely/www/hschumacher.minguely.ch/releases/20190618164500/storage/framework as jminguely@ssh-jminguely.alwaysdata.net
  INFO [dc04c455] Finished in 0.178 seconds with exit status 0 (successful).
  INFO [0d503a96] Running /usr/bin/env ln -s /home/jminguely/www/hschumacher.minguely.ch/shared/htdocs/content/uploads /home/jminguely/www/hschumacher.minguely.ch/releases/20190618164500/htdocs/content/uploads as jminguely@ssh-jminguely.alwaysdata.net
  INFO [3e61c254] Finished in 0.235 seconds with exit status 0 (successful).
  INFO [eec7195c] Running /usr/bin/env ln -s /home/jminguely/www/hschumacher.minguely.ch/shared/storage/framework/sessions /home/jminguely/www/hschumacher.minguely.ch/releases/20190618164500/storage/framework/sessions as jminguely@ssh-jminguely.alwaysdata.net
  INFO [1e2d2f41] Finished in 0.210 seconds with exit status 0 (successful).
  INFO [9d2a560e] Running php /home/jminguely/www/hschumacher.minguely.ch/shared/composer.phar install --no-dev --prefer-dist --no-interaction --quiet --optimize-autoloader as jminguely@ssh-jminguely.alwaysdata.net
  INFO ---------------------------------------------------------------------------
  INFO START 2019-06-18 18:46:31 +0200 cap staging deploy
  INFO ---------------------------------------------------------------------------
  INFO [38127d55] Running /usr/bin/env mkdir -p /tmp as jminguely@ssh-jminguely.alwaysdata.net
  INFO [bcfa7fce] Finished in 0.879 seconds with exit status 0 (successful).
  INFO Uploading /tmp/git-ssh-hschumacher.minguely.ch-staging-mingus.sh 100.0%
  INFO [c2de0b85] Running /usr/bin/env chmod 700 /tmp/git-ssh-hschumacher.minguely.ch-staging-mingus.sh as jminguely@ssh-jminguely.alwaysdata.net
  INFO [633bf96b] Finished in 0.191 seconds with exit status 0 (successful).
  INFO [6d694bfa] Running /usr/bin/env git ls-remote git@github.com:jminguely/hschumacher.git HEAD as jminguely@ssh-jminguely.alwaysdata.net
  INFO [6a6dbf89] Finished in 1.648 seconds with exit status 0 (successful).
  INFO [36f9dfb9] Running /usr/bin/env mkdir -p /home/jminguely/www/hschumacher.minguely.ch/shared /home/jminguely/www/hschumacher.minguely.ch/releases as jminguely@ssh-jminguely.alwaysdata.net
  INFO [e5d557cb] Finished in 0.360 seconds with exit status 0 (successful).
  INFO [cda9a853] Running /usr/bin/env mkdir -p /home/jminguely/www/hschumacher.minguely.ch/shared/htdocs/content/uploads /home/jminguely/www/hschumacher.minguely.ch/shared/storage/framework/sessions as jminguely@ssh-jminguely.alwaysdata.net
  INFO [4f98b8ec] Finished in 0.183 seconds with exit status 0 (successful).
  INFO [871a6f80] Running /usr/bin/env mkdir -p /home/jminguely/www/hschumacher.minguely.ch/shared /home/jminguely/www/hschumacher.minguely.ch/shared/htdocs as jminguely@ssh-jminguely.alwaysdata.net
  INFO [ae02ed28] Finished in 0.225 seconds with exit status 0 (successful).
  INFO The repository mirror is at /home/jminguely/www/hschumacher.minguely.ch/repo
  INFO [e848cf35] Running /usr/bin/env git remote set-url origin git@github.com:jminguely/hschumacher.git as jminguely@ssh-jminguely.alwaysdata.net
  INFO [ce785ca9] Finished in 0.198 seconds with exit status 0 (successful).
  INFO [9909d9fc] Running /usr/bin/env git remote update --prune as jminguely@ssh-jminguely.alwaysdata.net
  INFO [a6c53de1] Finished in 1.559 seconds with exit status 0 (successful).
  INFO [8a104227] Running /usr/bin/env mkdir -p /home/jminguely/www/hschumacher.minguely.ch/releases/20190618164636 as jminguely@ssh-jminguely.alwaysdata.net
  INFO [c5700410] Finished in 0.523 seconds with exit status 0 (successful).
  INFO [4e59416b] Running /usr/bin/env git archive dev | /usr/bin/env tar -x -f - -C /home/jminguely/www/hschumacher.minguely.ch/releases/20190618164636 as jminguely@ssh-jminguely.alwaysdata.net
  INFO [dec48a36] Finished in 0.386 seconds with exit status 0 (successful).
  INFO [097093e3] Running /usr/bin/env echo "becd11dcd66948e2fe93e71df9072adc31ee292f" > REVISION as jminguely@ssh-jminguely.alwaysdata.net
  INFO [8b2a128c] Finished in 0.188 seconds with exit status 0 (successful).
  INFO [3568b6eb] Running /usr/bin/env mkdir -p /home/jminguely/www/hschumacher.minguely.ch/releases/20190618164636 /home/jminguely/www/hschumacher.minguely.ch/releases/20190618164636/htdocs as jminguely@ssh-jminguely.alwaysdata.net
  INFO [80aa4314] Finished in 0.199 seconds with exit status 0 (successful).
  INFO [f09cd9e5] Running /usr/bin/env ln -s /home/jminguely/www/hschumacher.minguely.ch/shared/.env /home/jminguely/www/hschumacher.minguely.ch/releases/20190618164636/.env as jminguely@ssh-jminguely.alwaysdata.net
  INFO [ccbb4456] Finished in 0.351 seconds with exit status 0 (successful).
  INFO [cf8555ef] Running /usr/bin/env ln -s /home/jminguely/www/hschumacher.minguely.ch/shared/htdocs/.htaccess /home/jminguely/www/hschumacher.minguely.ch/releases/20190618164636/htdocs/.htaccess as jminguely@ssh-jminguely.alwaysdata.net
  INFO [427cc449] Finished in 0.171 seconds with exit status 0 (successful).
  INFO [15ba22a4] Running /usr/bin/env mkdir -p /home/jminguely/www/hschumacher.minguely.ch/releases/20190618164636/htdocs/content /home/jminguely/www/hschumacher.minguely.ch/releases/20190618164636/storage/framework as jminguely@ssh-jminguely.alwaysdata.net
  INFO [e680d4fa] Finished in 0.178 seconds with exit status 0 (successful).
  INFO [4f32a25e] Running /usr/bin/env ln -s /home/jminguely/www/hschumacher.minguely.ch/shared/htdocs/content/uploads /home/jminguely/www/hschumacher.minguely.ch/releases/20190618164636/htdocs/content/uploads as jminguely@ssh-jminguely.alwaysdata.net
  INFO [2ef12f3e] Finished in 0.204 seconds with exit status 0 (successful).
  INFO [b50c3bcf] Running /usr/bin/env ln -s /home/jminguely/www/hschumacher.minguely.ch/shared/storage/framework/sessions /home/jminguely/www/hschumacher.minguely.ch/releases/20190618164636/storage/framework/sessions as jminguely@ssh-jminguely.alwaysdata.net
  INFO [55dbdf00] Finished in 0.209 seconds with exit status 0 (successful).
  INFO [eca7c79b] Running php /home/jminguely/www/hschumacher.minguely.ch/shared/composer.phar install --no-dev --prefer-dist --no-interaction --quiet --optimize-autoloader as jminguely@ssh-jminguely.alwaysdata.net
  INFO [20e5e24d] Finished in 3.168 seconds with exit status 0 (successful).
  INFO [214100a8] Running /usr/bin/env ln -s /home/jminguely/www/hschumacher.minguely.ch/releases/20190618164636 /home/jminguely/www/hschumacher.minguely.ch/releases/current as jminguely@ssh-jminguely.alwaysdata.net
  INFO [37b7db50] Finished in 0.243 seconds with exit status 0 (successful).
  INFO [0286c132] Running /usr/bin/env mv /home/jminguely/www/hschumacher.minguely.ch/releases/current /home/jminguely/www/hschumacher.minguely.ch as jminguely@ssh-jminguely.alwaysdata.net
  INFO [eed17182] Finished in 0.202 seconds with exit status 0 (successful).
  INFO [5cf28ec0] Running /usr/bin/env touch /home/jminguely/www/hschumacher.minguely.ch/releases/20190618164636/htdocs/opcache_clear.php as jminguely@ssh-jminguely.alwaysdata.net
  INFO [f0a2b2ff] Finished in 0.226 seconds with exit status 0 (successful).
  INFO [ce1e458a] Running /usr/bin/env chmod -R 644 /home/jminguely/www/hschumacher.minguely.ch/releases/20190618164636/htdocs/opcache_clear.php as jminguely@ssh-jminguely.alwaysdata.net
  INFO [7190c5a0] Finished in 0.236 seconds with exit status 0 (successful).
  INFO [3401fd6b] Running /usr/bin/env echo '<?php opcache_reset(); ?>' > /home/jminguely/www/hschumacher.minguely.ch/releases/20190618164636/htdocs/opcache_clear.php as jminguely@ssh-jminguely.alwaysdata.net
  INFO [e67f2bbb] Finished in 0.358 seconds with exit status 0 (successful).
  INFO [422fa919] Running /usr/bin/env curl -s https://hschumacher.minguely.ch/opcache_clear.php  as jminguely@ssh-jminguely.alwaysdata.net
  INFO ---------------------------------------------------------------------------
  INFO START 2019-06-18 18:51:33 +0200 cap staging deploy
  INFO ---------------------------------------------------------------------------
  INFO [385c5283] Running /usr/bin/env mkdir -p /tmp as jminguely@ssh-jminguely.alwaysdata.net
  INFO [2f941aaa] Finished in 0.764 seconds with exit status 0 (successful).
  INFO Uploading /tmp/git-ssh-hschumacher.minguely.ch-staging-mingus.sh 100.0%
  INFO [9bc5a767] Running /usr/bin/env chmod 700 /tmp/git-ssh-hschumacher.minguely.ch-staging-mingus.sh as jminguely@ssh-jminguely.alwaysdata.net
  INFO [9b02c80e] Finished in 0.227 seconds with exit status 0 (successful).
  INFO [b3e0e4ce] Running /usr/bin/env git ls-remote git@github.com:jminguely/hschumacher.git HEAD as jminguely@ssh-jminguely.alwaysdata.net
  INFO [675cff74] Finished in 1.822 seconds with exit status 0 (successful).
  INFO [268c6ee6] Running /usr/bin/env mkdir -p /home/jminguely/www/hschumacher.minguely.ch/shared /home/jminguely/www/hschumacher.minguely.ch/releases as jminguely@ssh-jminguely.alwaysdata.net
  INFO [69c7720a] Finished in 0.168 seconds with exit status 0 (successful).
  INFO [904b99ef] Running /usr/bin/env mkdir -p /home/jminguely/www/hschumacher.minguely.ch/shared/htdocs/content/uploads /home/jminguely/www/hschumacher.minguely.ch/shared/storage/framework/sessions as jminguely@ssh-jminguely.alwaysdata.net
  INFO [1c0155f4] Finished in 0.197 seconds with exit status 0 (successful).
  INFO [1bdf0173] Running /usr/bin/env mkdir -p /home/jminguely/www/hschumacher.minguely.ch/shared /home/jminguely/www/hschumacher.minguely.ch/shared/htdocs as jminguely@ssh-jminguely.alwaysdata.net
  INFO [c23c9614] Finished in 0.198 seconds with exit status 0 (successful).
  INFO The repository mirror is at /home/jminguely/www/hschumacher.minguely.ch/repo
  INFO [27964c00] Running /usr/bin/env git remote set-url origin git@github.com:jminguely/hschumacher.git as jminguely@ssh-jminguely.alwaysdata.net
  INFO [7c297e2f] Finished in 0.225 seconds with exit status 0 (successful).
  INFO [1982ebaf] Running /usr/bin/env git remote update --prune as jminguely@ssh-jminguely.alwaysdata.net
  INFO [f7271a88] Finished in 1.840 seconds with exit status 0 (successful).
  INFO [601bf3fc] Running /usr/bin/env mkdir -p /home/jminguely/www/hschumacher.minguely.ch/releases/20190618165138 as jminguely@ssh-jminguely.alwaysdata.net
  INFO [c8d718b4] Finished in 0.197 seconds with exit status 0 (successful).
  INFO [7b77c0af] Running /usr/bin/env git archive dev | /usr/bin/env tar -x -f - -C /home/jminguely/www/hschumacher.minguely.ch/releases/20190618165138 as jminguely@ssh-jminguely.alwaysdata.net
  INFO [1cde6c04] Finished in 0.329 seconds with exit status 0 (successful).
  INFO [ab403218] Running /usr/bin/env echo "becd11dcd66948e2fe93e71df9072adc31ee292f" > REVISION as jminguely@ssh-jminguely.alwaysdata.net
  INFO [75b7c83d] Finished in 1.663 seconds with exit status 0 (successful).
  INFO [6b2ecd99] Running /usr/bin/env mkdir -p /home/jminguely/www/hschumacher.minguely.ch/releases/20190618165138 /home/jminguely/www/hschumacher.minguely.ch/releases/20190618165138/htdocs as jminguely@ssh-jminguely.alwaysdata.net
  INFO [4c33e77c] Finished in 0.297 seconds with exit status 0 (successful).
  INFO [872f22ad] Running /usr/bin/env ln -s /home/jminguely/www/hschumacher.minguely.ch/shared/.env /home/jminguely/www/hschumacher.minguely.ch/releases/20190618165138/.env as jminguely@ssh-jminguely.alwaysdata.net
  INFO [77fd3c2d] Finished in 0.170 seconds with exit status 0 (successful).
  INFO [d4492a3c] Running /usr/bin/env ln -s /home/jminguely/www/hschumacher.minguely.ch/shared/htdocs/.htaccess /home/jminguely/www/hschumacher.minguely.ch/releases/20190618165138/htdocs/.htaccess as jminguely@ssh-jminguely.alwaysdata.net
  INFO [6af43caf] Finished in 0.240 seconds with exit status 0 (successful).
  INFO [056c265c] Running /usr/bin/env mkdir -p /home/jminguely/www/hschumacher.minguely.ch/releases/20190618165138/htdocs/content /home/jminguely/www/hschumacher.minguely.ch/releases/20190618165138/storage/framework as jminguely@ssh-jminguely.alwaysdata.net
  INFO [d4396707] Finished in 0.183 seconds with exit status 0 (successful).
  INFO [ef23bd3a] Running /usr/bin/env ln -s /home/jminguely/www/hschumacher.minguely.ch/shared/htdocs/content/uploads /home/jminguely/www/hschumacher.minguely.ch/releases/20190618165138/htdocs/content/uploads as jminguely@ssh-jminguely.alwaysdata.net
  INFO [7fc18819] Finished in 0.228 seconds with exit status 0 (successful).
  INFO [eff23bcd] Running /usr/bin/env ln -s /home/jminguely/www/hschumacher.minguely.ch/shared/storage/framework/sessions /home/jminguely/www/hschumacher.minguely.ch/releases/20190618165138/storage/framework/sessions as jminguely@ssh-jminguely.alwaysdata.net
  INFO [4c106fd6] Finished in 0.199 seconds with exit status 0 (successful).
  INFO [1dc76ec4] Running php /home/jminguely/www/hschumacher.minguely.ch/shared/composer.phar install --no-dev --prefer-dist --no-interaction --quiet --optimize-autoloader as jminguely@ssh-jminguely.alwaysdata.net
  INFO [35aa5800] Finished in 1.802 seconds with exit status 0 (successful).
  INFO [0d33f5e5] Running /usr/bin/env ln -s /home/jminguely/www/hschumacher.minguely.ch/releases/20190618165138 /home/jminguely/www/hschumacher.minguely.ch/releases/current as jminguely@ssh-jminguely.alwaysdata.net
  INFO [859efe72] Finished in 0.228 seconds with exit status 0 (successful).
  INFO [e7746e7c] Running /usr/bin/env mv /home/jminguely/www/hschumacher.minguely.ch/releases/current /home/jminguely/www/hschumacher.minguely.ch as jminguely@ssh-jminguely.alwaysdata.net
  INFO [33c2ab8b] Finished in 0.376 seconds with exit status 0 (successful).
  INFO [6af41af5] Running /usr/bin/env echo "Branch dev (at becd11dcd66948e2fe93e71df9072adc31ee292f) deployed as release 20190618165138 by mingus" >> /home/jminguely/www/hschumacher.minguely.ch/revisions.log as jminguely@ssh-jminguely.alwaysdata.net
  INFO [e74c7aa6] Finished in 0.191 seconds with exit status 0 (successful).
  INFO ---------------------------------------------------------------------------
  INFO START 2019-06-18 18:54:27 +0200 cap staging deploy
  INFO ---------------------------------------------------------------------------
  INFO [8667e539] Running /usr/bin/env mkdir -p /tmp as jminguely@ssh-jminguely.alwaysdata.net
  INFO [917f847d] Finished in 0.567 seconds with exit status 0 (successful).
  INFO Uploading /tmp/git-ssh-hschumacher.minguely.ch-staging-mingus.sh 100.0%
  INFO [0c6c52a8] Running /usr/bin/env chmod 700 /tmp/git-ssh-hschumacher.minguely.ch-staging-mingus.sh as jminguely@ssh-jminguely.alwaysdata.net
  INFO [4c9a1c07] Finished in 0.236 seconds with exit status 0 (successful).
  INFO [d7515ca4] Running /usr/bin/env git ls-remote git@github.com:jminguely/hschumacher.git HEAD as jminguely@ssh-jminguely.alwaysdata.net
  INFO [09c24652] Finished in 5.226 seconds with exit status 0 (successful).
  INFO [9596db12] Running /usr/bin/env mkdir -p /home/jminguely/www/hschumacher.minguely.ch/shared /home/jminguely/www/hschumacher.minguely.ch/releases as jminguely@ssh-jminguely.alwaysdata.net
  INFO [8f322ede] Finished in 0.171 seconds with exit status 0 (successful).
  INFO [208cc36b] Running /usr/bin/env mkdir -p /home/jminguely/www/hschumacher.minguely.ch/shared/htdocs/content/uploads /home/jminguely/www/hschumacher.minguely.ch/shared/storage/framework/sessions as jminguely@ssh-jminguely.alwaysdata.net
  INFO [85de3c99] Finished in 0.222 seconds with exit status 0 (successful).
  INFO [fad4b77b] Running /usr/bin/env mkdir -p /home/jminguely/www/hschumacher.minguely.ch/shared /home/jminguely/www/hschumacher.minguely.ch/shared/htdocs as jminguely@ssh-jminguely.alwaysdata.net
  INFO [8c053d5c] Finished in 0.193 seconds with exit status 0 (successful).
  INFO The repository mirror is at /home/jminguely/www/hschumacher.minguely.ch/repo
  INFO [5456de9a] Running /usr/bin/env git remote set-url origin git@github.com:jminguely/hschumacher.git as jminguely@ssh-jminguely.alwaysdata.net
  INFO [0165969e] Finished in 0.209 seconds with exit status 0 (successful).
  INFO [246004cd] Running /usr/bin/env git remote update --prune as jminguely@ssh-jminguely.alwaysdata.net
  INFO [e8149ef6] Finished in 1.673 seconds with exit status 0 (successful).
  INFO [1b6dc999] Running /usr/bin/env mkdir -p /home/jminguely/www/hschumacher.minguely.ch/releases/20190618165434 as jminguely@ssh-jminguely.alwaysdata.net
  INFO [d782cfbd] Finished in 0.164 seconds with exit status 0 (successful).
  INFO [ffb5b311] Running /usr/bin/env git archive dev | /usr/bin/env tar -x -f - -C /home/jminguely/www/hschumacher.minguely.ch/releases/20190618165434 as jminguely@ssh-jminguely.alwaysdata.net
  INFO [1c16babd] Finished in 0.334 seconds with exit status 0 (successful).
  INFO [4eef634a] Running /usr/bin/env echo "becd11dcd66948e2fe93e71df9072adc31ee292f" > REVISION as jminguely@ssh-jminguely.alwaysdata.net
  INFO [174b383e] Finished in 0.223 seconds with exit status 0 (successful).
  INFO [4789d074] Running /usr/bin/env mkdir -p /home/jminguely/www/hschumacher.minguely.ch/releases/20190618165434 /home/jminguely/www/hschumacher.minguely.ch/releases/20190618165434/htdocs as jminguely@ssh-jminguely.alwaysdata.net
  INFO [06edf4fb] Finished in 0.180 seconds with exit status 0 (successful).
  INFO [49217fab] Running /usr/bin/env ln -s /home/jminguely/www/hschumacher.minguely.ch/shared/.env /home/jminguely/www/hschumacher.minguely.ch/releases/20190618165434/.env as jminguely@ssh-jminguely.alwaysdata.net
  INFO [dab7a41f] Finished in 0.219 seconds with exit status 0 (successful).
  INFO [b0340d2d] Running /usr/bin/env ln -s /home/jminguely/www/hschumacher.minguely.ch/shared/htdocs/.htaccess /home/jminguely/www/hschumacher.minguely.ch/releases/20190618165434/htdocs/.htaccess as jminguely@ssh-jminguely.alwaysdata.net
  INFO [55dd5465] Finished in 0.198 seconds with exit status 0 (successful).
  INFO [b7a14a3e] Running /usr/bin/env mkdir -p /home/jminguely/www/hschumacher.minguely.ch/releases/20190618165434/htdocs/content /home/jminguely/www/hschumacher.minguely.ch/releases/20190618165434/storage/framework as jminguely@ssh-jminguely.alwaysdata.net
  INFO [a40f0755] Finished in 0.209 seconds with exit status 0 (successful).
  INFO [2018e211] Running /usr/bin/env ln -s /home/jminguely/www/hschumacher.minguely.ch/shared/htdocs/content/uploads /home/jminguely/www/hschumacher.minguely.ch/releases/20190618165434/htdocs/content/uploads as jminguely@ssh-jminguely.alwaysdata.net
  INFO [54cadc0f] Finished in 0.201 seconds with exit status 0 (successful).
  INFO [c4c91a1e] Running /usr/bin/env ln -s /home/jminguely/www/hschumacher.minguely.ch/shared/storage/framework/sessions /home/jminguely/www/hschumacher.minguely.ch/releases/20190618165434/storage/framework/sessions as jminguely@ssh-jminguely.alwaysdata.net
  INFO [cf191e4d] Finished in 0.203 seconds with exit status 0 (successful).
  INFO [8bcbba3e] Running php /home/jminguely/www/hschumacher.minguely.ch/shared/composer.phar install --no-dev --prefer-dist --no-interaction --quiet --optimize-autoloader as jminguely@ssh-jminguely.alwaysdata.net
  INFO [882c8d51] Finished in 1.831 seconds with exit status 0 (successful).
  INFO [26b7f1b6] Running /usr/bin/env ln -s /home/jminguely/www/hschumacher.minguely.ch/releases/20190618165434 /home/jminguely/www/hschumacher.minguely.ch/releases/current as jminguely@ssh-jminguely.alwaysdata.net
  INFO [833e0142] Finished in 0.153 seconds with exit status 0 (successful).
  INFO [0baf5932] Running /usr/bin/env mv /home/jminguely/www/hschumacher.minguely.ch/releases/current /home/jminguely/www/hschumacher.minguely.ch as jminguely@ssh-jminguely.alwaysdata.net
  INFO [ca81119e] Finished in 0.227 seconds with exit status 0 (successful).
  INFO [3e059cd2] Running /usr/bin/env echo "Branch dev (at becd11dcd66948e2fe93e71df9072adc31ee292f) deployed as release 20190618165434 by mingus" >> /home/jminguely/www/hschumacher.minguely.ch/revisions.log as jminguely@ssh-jminguely.alwaysdata.net
  INFO [1f726f1a] Finished in 0.308 seconds with exit status 0 (successful).
